<?xml version="1.0" encoding="UTF-8"?>
<!-- Generated by org.testng.reporters.JUnitXMLReporter -->
<testsuite hostname="DESKTOP-9NURHT7" name="Default test" tests="2" failures="0" timestamp="26 Aug 2016 06:49:00 GMT" time="1.828" errors="0">
  <testcase name="testRentAlreadySeeIllegalDepositRule_Success" time="0.89" classname="com.auto.v33.TransDetailRenterTest"/>
  <testcase name="testRentNotSeeIllegalDepositRule_Success" time="0.211" classname="com.auto.v33.TransDetailRenterTest"/>
</testsuite> <!-- Default test -->
