<?xml version="1.0" encoding="UTF-8"?>
<!-- Generated by org.testng.reporters.JUnitXMLReporter -->
<testsuite hostname="DESKTOP-9NURHT7" name="3.4 API Automation Test" tests="11" failures="0" timestamp="26 Aug 2016 09:25:43 GMT" time="2.807" errors="0">
  <testcase name="testMemberInfoWithBaseInfo_Success" time="0.674" classname="com.auto.v31.MemberInfoTest"/>
  <testcase name="testMemberInfoWithEmptyToken_Failure" time="0.032" classname="com.auto.v31.MemberInfoTest"/>
  <testcase name="testMemberInfoWithFakeToken_Failure" time="0.019" classname="com.auto.v31.MemberInfoTest"/>
  <testcase name="testMemberInfoWithList_Success" time="0.001" classname="com.auto.v31.MemberInfoTest"/>
  <testcase name="testMemberInfoWithOwnerInfo_Success" time="0.171" classname="com.auto.v31.MemberInfoTest"/>
  <testcase name="testMemberInfoWithRentInfo_Success" time="0.102" classname="com.auto.v31.MemberInfoTest"/>
  <testcase name="testMemberInfoWithTokenNull_Failure" time="0.068" classname="com.auto.v31.MemberInfoTest"/>
  <testcase name="testRentAlreadySeeIllegalDepositRule_Success" time="0.272" classname="com.auto.v33.TransDetailRenterTest"/>
  <testcase name="testRentNotSeeIllegalDepositRule_Success" time="0.192" classname="com.auto.v33.TransDetailRenterTest"/>
  <testcase name="testOwnerAlreadySeeIllegalDepositRule_Success" time="0.238" classname="com.auto.v33.TransDetailOwnerTest"/>
  <testcase name="testOwnerNotSeeIllegalDepositRule_Success" time="0.196" classname="com.auto.v33.TransDetailOwnerTest"/>
</testsuite> <!-- 3.4 API Automation Test -->
