<?xml version="1.0" encoding="UTF-8"?>
<!-- Generated by org.testng.reporters.JUnitXMLReporter -->
<testsuite hostname="DESKTOP-9NURHT7" name="Auto API Automation Test" tests="11" failures="0" timestamp="26 Aug 2016 06:51:33 GMT" time="3.94" errors="0">
  <testcase name="testMemberInfoWithBaseInfo_Success" time="0.631" classname="com.auto.v31.MemberInfoTest"/>
  <testcase name="testMemberInfoWithEmptyToken_Failure" time="0.022" classname="com.auto.v31.MemberInfoTest"/>
  <testcase name="testMemberInfoWithFakeToken_Failure" time="0.028" classname="com.auto.v31.MemberInfoTest"/>
  <testcase name="testMemberInfoWithList_Success" time="0.001" classname="com.auto.v31.MemberInfoTest"/>
  <testcase name="testMemberInfoWithOwnerInfo_Success" time="0.39" classname="com.auto.v31.MemberInfoTest"/>
  <testcase name="testMemberInfoWithRentInfo_Success" time="0.139" classname="com.auto.v31.MemberInfoTest"/>
  <testcase name="testMemberInfoWithTokenNull_Failure" time="0.074" classname="com.auto.v31.MemberInfoTest"/>
  <testcase name="testRentAlreadySeeIllegalDepositRule_Success" time="0.212" classname="com.auto.v33.TransDetailRenterTest"/>
  <testcase name="testRentNotSeeIllegalDepositRule_Success" time="0.612" classname="com.auto.v33.TransDetailRenterTest"/>
  <testcase name="testOwnerAlreadySeeIllegalDepositRule_Success" time="0.665" classname="com.auto.v33.TransDetailOwnerTest"/>
  <testcase name="testOwnerNotSeeIllegalDepositRule_Success" time="0.361" classname="com.auto.v33.TransDetailOwnerTest"/>
</testsuite> <!-- Auto API Automation Test -->
