<?xml version="1.0" encoding="UTF-8"?>
<!-- Generated by org.testng.reporters.JUnitXMLReporter -->
<testsuite hostname="DESKTOP-9NURHT7" name="Test" tests="11" failures="0" timestamp="26 Aug 2016 06:50:59 GMT" time="5.352" errors="0">
  <testcase name="testMemberInfoWithBaseInfo_Success" time="0.596" classname="com.auto.v31.MemberInfoTest"/>
  <testcase name="testMemberInfoWithEmptyToken_Failure" time="0.077" classname="com.auto.v31.MemberInfoTest"/>
  <testcase name="testMemberInfoWithFakeToken_Failure" time="0.02" classname="com.auto.v31.MemberInfoTest"/>
  <testcase name="testMemberInfoWithList_Success" time="0.001" classname="com.auto.v31.MemberInfoTest"/>
  <testcase name="testMemberInfoWithOwnerInfo_Success" time="0.635" classname="com.auto.v31.MemberInfoTest"/>
  <testcase name="testMemberInfoWithRentInfo_Success" time="0.142" classname="com.auto.v31.MemberInfoTest"/>
  <testcase name="testMemberInfoWithTokenNull_Failure" time="0.561" classname="com.auto.v31.MemberInfoTest"/>
  <testcase name="testRentAlreadySeeIllegalDepositRule_Success" time="0.683" classname="com.auto.v33.TransDetailRenterTest"/>
  <testcase name="testRentNotSeeIllegalDepositRule_Success" time="0.434" classname="com.auto.v33.TransDetailRenterTest"/>
  <testcase name="testOwnerAlreadySeeIllegalDepositRule_Success" time="0.731" classname="com.auto.v33.TransDetailOwnerTest"/>
  <testcase name="testOwnerNotSeeIllegalDepositRule_Success" time="0.614" classname="com.auto.v33.TransDetailOwnerTest"/>
</testsuite> <!-- Test -->
